\BOOKMARK [1][-]{section.1}{Introduction}{}
\BOOKMARK [1][-]{section.2}{Background \040}{}
\BOOKMARK [2][-]{subsection.2.1}{Average Path Length}{section.2}
\BOOKMARK [2][-]{subsection.2.2}{Clustering coefficient}{section.2}
\BOOKMARK [2][-]{subsection.2.3}{Centrality measurement}{section.2}
\BOOKMARK [3][-]{subsubsection.2.3.1}{Degree centrality}{subsection.2.3}
\BOOKMARK [3][-]{subsubsection.2.3.2}{Betweenness centrality}{subsection.2.3}
\BOOKMARK [3][-]{subsubsection.2.3.3}{Closeness centrality}{subsection.2.3}
\BOOKMARK [3][-]{subsubsection.2.3.4}{Eigenvector centrality}{subsection.2.3}
\BOOKMARK [1][-]{section.3}{Motivation }{}
\BOOKMARK [1][-]{section.4}{Methodology }{}
\BOOKMARK [2][-]{subsection.4.1}{Network modeling}{section.4}
\BOOKMARK [2][-]{subsection.4.2}{Network simulation}{section.4}
\BOOKMARK [3][-]{subsubsection.4.2.1}{Data Collection}{subsection.4.2}
\BOOKMARK [3][-]{subsubsection.4.2.2}{Network Analysis tool: Pajek}{subsection.4.2}
\BOOKMARK [1][-]{section.5}{Experiment and Result }{}
\BOOKMARK [2][-]{subsection.5.1}{General Information}{section.5}
\BOOKMARK [2][-]{subsection.5.2}{Weakly Connected Subgraphs}{section.5}
\BOOKMARK [2][-]{subsection.5.3}{Directed Acyclic Graph}{section.5}
\BOOKMARK [2][-]{subsection.5.4}{In-degree and Out-degree}{section.5}
\BOOKMARK [2][-]{subsection.5.5}{Topological Sorting}{section.5}
\BOOKMARK [1][-]{section.6}{Significance and Limitation \040}{}
\BOOKMARK [1][-]{section.7}{Conclusion \040}{}
\BOOKMARK [1][-]{section*.1}{References}{}
